<?xml version="1.0" encoding="UTF-8"?>
<!-- Generated by org.testng.reporters.JUnitReportReporter -->
<testsuite hostname="Oscars-MacBook-Pro.local" failures="0" tests="3" name="selenium_tests.CartPageTests" time="19.345" errors="0" timestamp="2023-01-22T22:21:36 CET" skipped="0">
  <testcase classname="selenium_tests.CartPageTests" name="increaseItemQuantityFeature" time="6.365"/>
  <system-out/>
  <testcase classname="selenium_tests.CartPageTests" name="removeAndRestoreItemsFromCartFeature" time="5.743"/>
  <system-out/>
  <testcase classname="selenium_tests.CartPageTests" name="expectErrorMessageIfEnteringInvalidCouponCode" time="7.237"/>
  <system-out/>
</testsuite> <!-- selenium_tests.CartPageTests -->
