<?xml version="1.0" encoding="UTF-8"?>
<!-- Generated by org.testng.reporters.JUnitReportReporter -->
<testsuite hostname="Oscars-MacBook-Pro.local" failures="0" tests="4" name="selenium_tests.HomePageTests" time="13.629" errors="0" timestamp="2023-01-22T22:21:36 CET" skipped="0">
  <testcase classname="selenium_tests.HomePageTests" name="commercialInfoToBeVisible" time="1.626"/>
  <system-out/>
  <testcase classname="selenium_tests.HomePageTests" name="findMoreButtonNavigation" time="4.818"/>
  <system-out/>
  <testcase classname="selenium_tests.HomePageTests" name="addFeaturedProductsToCart" time="5.331"/>
  <system-out/>
  <testcase classname="selenium_tests.HomePageTests" name="featuredProductsToBeVisible" time="1.854"/>
  <system-out/>
</testsuite> <!-- selenium_tests.HomePageTests -->
