<?xml version="1.0" encoding="UTF-8"?>
<!-- Generated by org.testng.reporters.JUnitReportReporter -->
<testsuite hostname="Oscars-MacBook-Pro.local" failures="0" tests="9" name="selenium_tests.HeaderNavBarTests" time="48.377" errors="0" timestamp="2023-03-21T00:45:24 CET" skipped="0">
  <testcase classname="selenium_tests.HeaderNavBarTests" name="headerNavBarNavigationFeature" time="3.359"/>
  <system-out/>
  <testcase classname="selenium_tests.HeaderNavBarTests" name="headerNavBarNavigationFeature" time="5.612"/>
  <system-out/>
  <testcase classname="selenium_tests.HeaderNavBarTests" name="headerNavBarNavigationFeature" time="4.389"/>
  <system-out/>
  <testcase classname="selenium_tests.HeaderNavBarTests" name="headerNavBarNavigationFeature" time="4.800"/>
  <system-out/>
  <testcase classname="selenium_tests.HeaderNavBarTests" name="menuItemsShouldHaveTexts" time="3.477"/>
  <system-out/>
  <testcase classname="selenium_tests.HeaderNavBarTests" name="headerNavBarNavigationFeature" time="5.185"/>
  <system-out/>
  <testcase classname="selenium_tests.HeaderNavBarTests" name="headerNavBarNavigationFeature" time="4.801"/>
  <system-out/>
  <testcase classname="selenium_tests.HeaderNavBarTests" name="headerNavBarNavigationFeature" time="4.771"/>
  <system-out/>
  <testcase classname="selenium_tests.HeaderNavBarTests" name="headerNavBarNavigationFeature" time="11.983"/>
  <system-out/>
</testsuite> <!-- selenium_tests.HeaderNavBarTests -->
