<?xml version="1.0" encoding="UTF-8"?>
<!-- Generated by org.testng.reporters.JUnitReportReporter -->
<testsuite hostname="Oscars-MacBook-Pro.local" failures="0" tests="9" name="selenium_tests.HeaderNavBarTests" time="46.428" errors="0" timestamp="2023-01-22T22:21:36 CET" skipped="0">
  <testcase classname="selenium_tests.HeaderNavBarTests" name="headerNavBarNavigationFeature" time="4.358"/>
  <system-out/>
  <testcase classname="selenium_tests.HeaderNavBarTests" name="headerNavBarNavigationFeature" time="5.925"/>
  <system-out/>
  <testcase classname="selenium_tests.HeaderNavBarTests" name="headerNavBarNavigationFeature" time="4.805"/>
  <system-out/>
  <testcase classname="selenium_tests.HeaderNavBarTests" name="headerNavBarNavigationFeature" time="5.231"/>
  <system-out/>
  <testcase classname="selenium_tests.HeaderNavBarTests" name="headerNavBarNavigationFeature" time="4.383"/>
  <system-out/>
  <testcase classname="selenium_tests.HeaderNavBarTests" name="headerNavBarNavigationFeature" time="5.265"/>
  <system-out/>
  <testcase classname="selenium_tests.HeaderNavBarTests" name="menuItemsShouldHaveTexts" time="6.336"/>
  <system-out/>
  <testcase classname="selenium_tests.HeaderNavBarTests" name="headerNavBarNavigationFeature" time="5.936"/>
  <system-out/>
  <testcase classname="selenium_tests.HeaderNavBarTests" name="headerNavBarNavigationFeature" time="4.189"/>
  <system-out/>
</testsuite> <!-- selenium_tests.HeaderNavBarTests -->
