<?xml version="1.0" encoding="UTF-8"?>
<!-- Generated by org.testng.reporters.JUnitReportReporter -->
<testsuite hostname="Oscars-MacBook-Pro.local" failures="0" tests="4" name="selenium_tests.HomePageTests" time="11.860" errors="0" timestamp="2023-01-22T15:22:40 CET" skipped="0">
  <testcase classname="selenium_tests.HomePageTests" name="findMoreButtonNavigation" time="2.019"/>
  <system-out/>
  <testcase classname="selenium_tests.HomePageTests" name="addFeaturedProductsToCart" time="4.587"/>
  <system-out/>
  <testcase classname="selenium_tests.HomePageTests" name="featuredProductsToBeVisible" time="2.101"/>
  <system-out/>
  <testcase classname="selenium_tests.HomePageTests" name="commercialInfoToBeVisible" time="3.153"/>
  <system-out/>
</testsuite> <!-- selenium_tests.HomePageTests -->
