<?xml version="1.0" encoding="UTF-8"?>
<!-- Generated by org.testng.reporters.JUnitReportReporter -->
<testsuite hostname="Oscars-MacBook-Pro.local" failures="0" tests="4" name="selenium_tests.CheckoutPageTests" time="18.197" errors="0" timestamp="2023-01-22T22:21:36 CET" skipped="0">
  <testcase classname="selenium_tests.CheckoutPageTests" name="shipToADifferentAddressFeature" time="4.500"/>
  <system-out/>
  <testcase classname="selenium_tests.CheckoutPageTests" name="createAnAccountFormFeature" time="4.657"/>
  <system-out/>
  <testcase classname="selenium_tests.CheckoutPageTests" name="requiredFieldsFeature" time="5.276"/>
  <system-out/>
  <testcase classname="selenium_tests.CheckoutPageTests" name="thePlaceOrderButtonShouldHaveVisibleText" time="3.764"/>
  <system-out/>
</testsuite> <!-- selenium_tests.CheckoutPageTests -->
