<?xml version="1.0" encoding="UTF-8"?>
<!-- Generated by org.testng.reporters.JUnitReportReporter -->
<testsuite hostname="Oscars-MacBook-Pro.local" failures="0" tests="2" name="selenium_tests.e2e" time="38.810" errors="0" timestamp="2023-03-21T00:45:24 CET" skipped="0">
  <testcase classname="selenium_tests.e2e" name="endToEndBuyAProduct" time="23.415"/>
  <system-out/>
  <testcase classname="selenium_tests.e2e" name="endToEndBuyADifferentProduct" time="15.395"/>
  <system-out/>
</testsuite> <!-- selenium_tests.e2e -->
