<?xml version="1.0" encoding="UTF-8"?>
<!-- Generated by org.testng.reporters.JUnitReportReporter -->
<testsuite hostname="Oscars-MacBook-Pro.local" failures="0" tests="6" name="selenium_tests.StorePageTests" time="17.391" errors="0" timestamp="2023-01-22T22:21:36 CET" skipped="0">
  <testcase classname="selenium_tests.StorePageTests" name="noItemsInCartWidgetFeature" time="1.770"/>
  <system-out/>
  <testcase classname="selenium_tests.StorePageTests" name="sortProductsFeature" time="3.451"/>
  <system-out/>
  <testcase classname="selenium_tests.StorePageTests" name="searchFeature" time="4.988"/>
  <system-out/>
  <testcase classname="selenium_tests.StorePageTests" name="addToCartButtonsShouldHaveVisibleText" time="2.073"/>
  <system-out/>
  <testcase classname="selenium_tests.StorePageTests" name="browseByCategoryFeature" time="2.378"/>
  <system-out/>
  <testcase classname="selenium_tests.StorePageTests" name="addProductToCartFeature" time="2.731"/>
  <system-out/>
</testsuite> <!-- selenium_tests.StorePageTests -->
