<?xml version="1.0" encoding="UTF-8"?>
<!-- Generated by org.testng.reporters.JUnitReportReporter -->
<testsuite hostname="Oscars-MacBook-Pro.local" failures="0" tests="2" name="selenium_tests.e2e" time="32.344" errors="0" timestamp="2023-01-22T22:21:36 CET" skipped="0">
  <testcase classname="selenium_tests.e2e" name="endToEndBuyADifferentProduct" time="16.929"/>
  <system-out/>
  <testcase classname="selenium_tests.e2e" name="endToEndBuyAProduct" time="15.415"/>
  <system-out/>
</testsuite> <!-- selenium_tests.e2e -->
